0 info it worked if it ends with ok
1 verbose cli [ 'D:\\Program Files\\nodejs\\node.exe',
1 verbose cli   'D:\\Program Files\\nodejs\\node_modules\\npm\\bin\\npm-cli.js',
1 verbose cli   'run',
1 verbose cli   'build' ]
2 info using npm@3.10.9
3 info using node@v7.2.0
4 verbose run-script [ 'prebuild', 'build', 'postbuild' ]
5 info lifecycle vuetify-webpack-simple@~prebuild: vuetify-webpack-simple@
6 silly lifecycle vuetify-webpack-simple@~prebuild: no script for prebuild, continuing
7 info lifecycle vuetify-webpack-simple@~build: vuetify-webpack-simple@
8 verbose lifecycle vuetify-webpack-simple@~build: unsafe-perm in lifecycle true
9 verbose lifecycle vuetify-webpack-simple@~build: PATH: D:\Program Files\nodejs\node_modules\npm\bin\node-gyp-bin;D:\git\wxs77577\adminify\node_modules\.bin;C:\Users\User\bin;D:\Program Files\Git\mingw64\bin;D:\Program Files\Git\usr\local\bin;D:\Program Files\Git\usr\bin;D:\Program Files\Git\usr\bin;D:\Program Files\Git\mingw64\bin;D:\Program Files\Git\usr\bin;C:\Users\User\bin;D:\cmder\vendor\conemu-maximus5\ConEmu\Scripts;D:\cmder\vendor\conemu-maximus5;D:\cmder\vendor\conemu-maximus5\ConEmu;C:\ProgramData\Oracle\Java\javapath;C:\Program Files\Docker\Docker\Resources\bin;C:\Program Files\ImageMagick-7.0.4-Q16;C:\Windows\system32;C:\Windows;C:\Windows\System32\Wbem;C:\Windows\System32\WindowsPowerShell\v1.0;D:\Program Files\Git\cmd;D:\Program Files\nodejs;D:\phpStudy\php70n;C:\ProgramData\ComposerSetup\bin;C:\Program Files\Sublime Text 3;C:\Program Files (x86)\Yarn\bin;C:\ProgramData\chocolatey\bin;C:\Program Files (x86)\Subversion\bin;D:\bin;C:\Program Files\TortoiseSVN\bin;C:\HashiCorp\Vagrant\bin;C:\Users\User\AppData\Local\Microsoft\WindowsApps;C:\Users\User\AppData\Roaming\npm;C:\Users\User\AppData\Roaming\Composer\vendor\bin;C:\Users\User\AppData\Local\Yarn\.bin;C:\Users\User\AppData\Local\atom\bin;C:\Program Files (x86)\Microsoft VS Code\bin;D:\Program Files\Git\usr\bin\vendor_perl;D:\Program Files\Git\usr\bin\core_perl
10 verbose lifecycle vuetify-webpack-simple@~build: CWD: D:\git\wxs77577\adminify
11 silly lifecycle vuetify-webpack-simple@~build: Args: [ '/d /s /c',
11 silly lifecycle   'cross-env NODE_ENV=production webpack --progress --hide-modules' ]
12 silly lifecycle vuetify-webpack-simple@~build: Returned: code: 2  signal: null
13 info lifecycle vuetify-webpack-simple@~build: Failed to exec build script
14 verbose stack Error: vuetify-webpack-simple@ build: `cross-env NODE_ENV=production webpack --progress --hide-modules`
14 verbose stack Exit status 2
14 verbose stack     at EventEmitter.<anonymous> (D:\Program Files\nodejs\node_modules\npm\lib\utils\lifecycle.js:255:16)
14 verbose stack     at emitTwo (events.js:106:13)
14 verbose stack     at EventEmitter.emit (events.js:191:7)
14 verbose stack     at ChildProcess.<anonymous> (D:\Program Files\nodejs\node_modules\npm\lib\utils\spawn.js:40:14)
14 verbose stack     at emitTwo (events.js:106:13)
14 verbose stack     at ChildProcess.emit (events.js:191:7)
14 verbose stack     at maybeClose (internal/child_process.js:885:16)
14 verbose stack     at Process.ChildProcess._handle.onexit (internal/child_process.js:226:5)
15 verbose pkgid vuetify-webpack-simple@
16 verbose cwd D:\git\wxs77577\adminify
17 error Windows_NT 10.0.14393
18 error argv "D:\\Program Files\\nodejs\\node.exe" "D:\\Program Files\\nodejs\\node_modules\\npm\\bin\\npm-cli.js" "run" "build"
19 error node v7.2.0
20 error npm  v3.10.9
21 error code ELIFECYCLE
22 error vuetify-webpack-simple@ build: `cross-env NODE_ENV=production webpack --progress --hide-modules`
22 error Exit status 2
23 error Failed at the vuetify-webpack-simple@ build script 'cross-env NODE_ENV=production webpack --progress --hide-modules'.
23 error Make sure you have the latest version of node.js and npm installed.
23 error If you do, this is most likely a problem with the vuetify-webpack-simple package,
23 error not with npm itself.
23 error Tell the author that this fails on your system:
23 error     cross-env NODE_ENV=production webpack --progress --hide-modules
23 error You can get information on how to open an issue for this project with:
23 error     npm bugs vuetify-webpack-simple
23 error Or if that isn't available, you can get their info via:
23 error     npm owner ls vuetify-webpack-simple
23 error There is likely additional logging output above.
24 verbose exit [ 1, true ]
